build/outputs/logs/manifest-merger-debug-report.txt
-- Merging decision tree log ---
manifest
ADDED from git\Android-ParallaxHeader\AndroidManifest.xml:2:1-27:12
	package
		ADDED from git\Android-ParallaxHeader\AndroidManifest.xml:3:2-33
	android:versionName
		ADDED from git\Android-ParallaxHeader\AndroidManifest.xml:5:2-29
	android:versionCode
		ADDED from git\Android-ParallaxHeader\AndroidManifest.xml:4:2-25
		INJECTED from git\Android-ParallaxHeader\AndroidManifest.xml
		INJECTED from git\Android-ParallaxHeader\AndroidManifest.xml
	xmlns:android
		ADDED from git\Android-ParallaxHeader\AndroidManifest.xml:2:11-69
uses-sdk
ADDED from git\Android-ParallaxHeader\AndroidManifest.xml:7:2-9:35
	android:targetSdkVersion
		ADDED from git\Android-ParallaxHeader\AndroidManifest.xml:9:3-32
	android:minSdkVersion
		ADDED from git\Android-ParallaxHeader\AndroidManifest.xml:8:3-29
application
ADDED from git\Android-ParallaxHeader\AndroidManifest.xml:11:2-25:16
	android:label
		ADDED from git\Android-ParallaxHeader\AndroidManifest.xml:14:3-35
	android:allowBackup
		ADDED from git\Android-ParallaxHeader\AndroidManifest.xml:12:3-29
	android:icon
		ADDED from git\Android-ParallaxHeader\AndroidManifest.xml:13:3-39
	android:theme
		ADDED from git\Android-ParallaxHeader\AndroidManifest.xml:15:3-50
activity#com.kmshack.newsstand.MainActivity
ADDED from git\Android-ParallaxHeader\AndroidManifest.xml:16:3-24:14
	android:label
		ADDED from git\Android-ParallaxHeader\AndroidManifest.xml:19:4-36
	android:configChanges
		ADDED from git\Android-ParallaxHeader\AndroidManifest.xml:18:4-50
	android:name
		ADDED from git\Android-ParallaxHeader\AndroidManifest.xml:17:4-53
intent-filter#android.intent.action.MAIN+android.intent.category.LAUNCHER
ADDED from git\Android-ParallaxHeader\AndroidManifest.xml:20:4-23:20
action#android.intent.action.MAIN
ADDED from git\Android-ParallaxHeader\AndroidManifest.xml:21:5-57
	android:name
		ADDED from git\Android-ParallaxHeader\AndroidManifest.xml:21:13-54
category#android.intent.category.LAUNCHER
ADDED from git\Android-ParallaxHeader\AndroidManifest.xml:22:5-65
	android:name
		ADDED from git\Android-ParallaxHeader\AndroidManifest.xml:22:15-62